2022-05-14 at 20:22:18 CST ERROR com.alibaba.druid.pool.DruidDataSource$CreateConnectionThread.run @2871 :-> create connection Error java.lang.ExceptionInInitializerError: null
	at javax.crypto.Cipher.getInstance(Cipher.java:540) ~[?:?]
	at sun.security.ssl.JsseJce.getCipher(JsseJce.java:190) ~[?:?]
	at sun.security.ssl.SSLCipher.isTransformationAvailable(SSLCipher.java:509) ~[?:?]
	at sun.security.ssl.SSLCipher.<init>(SSLCipher.java:498) ~[?:?]
	at sun.security.ssl.SSLCipher.<clinit>(SSLCipher.java:81) ~[?:?]
	at sun.security.ssl.CipherSuite.<clinit>(CipherSuite.java:65) ~[?:?]
	at sun.security.ssl.SSLContextImpl.getApplicableSupportedCipherSuites(SSLContextImpl.java:348) ~[?:?]
	at sun.security.ssl.SSLContextImpl$AbstractTLSContext.<clinit>(SSLContextImpl.java:580) ~[?:?]
	at java.lang.Class.forName0(Native Method) ~[?:?]
	at java.lang.Class.forName(Class.java:315) ~[?:?]
	at java.security.Provider$Service.getImplClass(Provider.java:1918) ~[?:?]
	at java.security.Provider$Service.newInstance(Provider.java:1894) ~[?:?]
	at sun.security.jca.GetInstance.getInstance(GetInstance.java:236) ~[?:?]
	at sun.security.jca.GetInstance.getInstance(GetInstance.java:164) ~[?:?]
	at javax.net.ssl.SSLContext.getInstance(SSLContext.java:168) ~[?:?]
	at com.mysql.cj.protocol.ExportControlled.getSSLContext(ExportControlled.java:649) ~[mysql-connector-java-8.0.28.jar:8.0.28]
	at com.mysql.cj.protocol.ExportControlled.performTlsHandshake(ExportControlled.java:333) ~[mysql-connector-java-8.0.28.jar:8.0.28]
	at com.mysql.cj.protocol.StandardSocketFactory.performTlsHandshake(StandardSocketFactory.java:194) ~[mysql-connector-java-8.0.28.jar:8.0.28]
	at com.mysql.cj.protocol.a.NativeSocketConnection.performTlsHandshake(NativeSocketConnection.java:101) ~[mysql-connector-java-8.0.28.jar:8.0.28]
	at com.mysql.cj.protocol.a.NativeProtocol.negotiateSSLConnection(NativeProtocol.java:308) ~[mysql-connector-java-8.0.28.jar:8.0.28]
	at com.mysql.cj.protocol.a.NativeAuthenticationProvider.connect(NativeAuthenticationProvider.java:204) ~[mysql-connector-java-8.0.28.jar:8.0.28]
	at com.mysql.cj.protocol.a.NativeProtocol.connect(NativeProtocol.java:1369) ~[mysql-connector-java-8.0.28.jar:8.0.28]
	at com.mysql.cj.NativeSession.connect(NativeSession.java:133) ~[mysql-connector-java-8.0.28.jar:8.0.28]
	at com.mysql.cj.jdbc.ConnectionImpl.connectOneTryOnly(ConnectionImpl.java:949) ~[mysql-connector-java-8.0.28.jar:8.0.28]
	at com.mysql.cj.jdbc.ConnectionImpl.createNewIO(ConnectionImpl.java:819) ~[mysql-connector-java-8.0.28.jar:8.0.28]
	at com.mysql.cj.jdbc.ConnectionImpl.<init>(ConnectionImpl.java:449) ~[mysql-connector-java-8.0.28.jar:8.0.28]
	at com.mysql.cj.jdbc.ConnectionImpl.getInstance(ConnectionImpl.java:242) ~[mysql-connector-java-8.0.28.jar:8.0.28]
	at com.mysql.cj.jdbc.NonRegisteringDriver.connect(NonRegisteringDriver.java:198) ~[mysql-connector-java-8.0.28.jar:8.0.28]
	at com.alibaba.druid.pool.DruidAbstractDataSource.createPhysicalConnection(DruidAbstractDataSource.java:1657) ~[druid-1.2.8.jar:1.2.8]
	at com.alibaba.druid.pool.DruidAbstractDataSource.createPhysicalConnection(DruidAbstractDataSource.java:1723) ~[druid-1.2.8.jar:1.2.8]
	at com.alibaba.druid.pool.DruidDataSource$CreateConnectionThread.run(DruidDataSource.java:2838) ~[druid-1.2.8.jar:1.2.8]
Caused by: java.lang.SecurityException: Can not initialize cryptographic mechanism
	at javax.crypto.JceSecurity.<clinit>(JceSecurity.java:120) ~[?:?]
	... 31 more
Caused by: java.lang.SecurityException: Can't read cryptographic policy directory: unlimited
	at javax.crypto.JceSecurity.setupJurisdictionPolicies(JceSecurity.java:326) ~[?:?]
	at javax.crypto.JceSecurity$1.run(JceSecurity.java:111) ~[?:?]
	at javax.crypto.JceSecurity$1.run(JceSecurity.java:108) ~[?:?]
	at java.security.AccessController.doPrivileged(Native Method) ~[?:?]
	at javax.crypto.JceSecurity.<clinit>(JceSecurity.java:107) ~[?:?]
	... 31 more

2022-05-14 at 20:23:10 CST ERROR com.alibaba.druid.pool.DruidDataSource$CreateConnectionThread.run @2871 :-> create connection Error java.lang.ExceptionInInitializerError: null
	at javax.crypto.Cipher.getInstance(Cipher.java:540) ~[?:?]
	at sun.security.ssl.JsseJce.getCipher(JsseJce.java:190) ~[?:?]
	at sun.security.ssl.SSLCipher.isTransformationAvailable(SSLCipher.java:509) ~[?:?]
	at sun.security.ssl.SSLCipher.<init>(SSLCipher.java:498) ~[?:?]
	at sun.security.ssl.SSLCipher.<clinit>(SSLCipher.java:81) ~[?:?]
	at sun.security.ssl.CipherSuite.<clinit>(CipherSuite.java:65) ~[?:?]
	at sun.security.ssl.SSLContextImpl.getApplicableSupportedCipherSuites(SSLContextImpl.java:348) ~[?:?]
	at sun.security.ssl.SSLContextImpl$AbstractTLSContext.<clinit>(SSLContextImpl.java:580) ~[?:?]
	at java.lang.Class.forName0(Native Method) ~[?:?]
	at java.lang.Class.forName(Class.java:315) ~[?:?]
	at java.security.Provider$Service.getImplClass(Provider.java:1918) ~[?:?]
	at java.security.Provider$Service.newInstance(Provider.java:1894) ~[?:?]
	at sun.security.jca.GetInstance.getInstance(GetInstance.java:236) ~[?:?]
	at sun.security.jca.GetInstance.getInstance(GetInstance.java:164) ~[?:?]
	at javax.net.ssl.SSLContext.getInstance(SSLContext.java:168) ~[?:?]
	at com.mysql.cj.protocol.ExportControlled.getSSLContext(ExportControlled.java:649) ~[mysql-connector-java-8.0.28.jar:8.0.28]
	at com.mysql.cj.protocol.ExportControlled.performTlsHandshake(ExportControlled.java:333) ~[mysql-connector-java-8.0.28.jar:8.0.28]
	at com.mysql.cj.protocol.StandardSocketFactory.performTlsHandshake(StandardSocketFactory.java:194) ~[mysql-connector-java-8.0.28.jar:8.0.28]
	at com.mysql.cj.protocol.a.NativeSocketConnection.performTlsHandshake(NativeSocketConnection.java:101) ~[mysql-connector-java-8.0.28.jar:8.0.28]
	at com.mysql.cj.protocol.a.NativeProtocol.negotiateSSLConnection(NativeProtocol.java:308) ~[mysql-connector-java-8.0.28.jar:8.0.28]
	at com.mysql.cj.protocol.a.NativeAuthenticationProvider.connect(NativeAuthenticationProvider.java:204) ~[mysql-connector-java-8.0.28.jar:8.0.28]
	at com.mysql.cj.protocol.a.NativeProtocol.connect(NativeProtocol.java:1369) ~[mysql-connector-java-8.0.28.jar:8.0.28]
	at com.mysql.cj.NativeSession.connect(NativeSession.java:133) ~[mysql-connector-java-8.0.28.jar:8.0.28]
	at com.mysql.cj.jdbc.ConnectionImpl.connectOneTryOnly(ConnectionImpl.java:949) ~[mysql-connector-java-8.0.28.jar:8.0.28]
	at com.mysql.cj.jdbc.ConnectionImpl.createNewIO(ConnectionImpl.java:819) ~[mysql-connector-java-8.0.28.jar:8.0.28]
	at com.mysql.cj.jdbc.ConnectionImpl.<init>(ConnectionImpl.java:449) ~[mysql-connector-java-8.0.28.jar:8.0.28]
	at com.mysql.cj.jdbc.ConnectionImpl.getInstance(ConnectionImpl.java:242) ~[mysql-connector-java-8.0.28.jar:8.0.28]
	at com.mysql.cj.jdbc.NonRegisteringDriver.connect(NonRegisteringDriver.java:198) ~[mysql-connector-java-8.0.28.jar:8.0.28]
	at com.alibaba.druid.pool.DruidAbstractDataSource.createPhysicalConnection(DruidAbstractDataSource.java:1657) ~[druid-1.2.8.jar:1.2.8]
	at com.alibaba.druid.pool.DruidAbstractDataSource.createPhysicalConnection(DruidAbstractDataSource.java:1723) ~[druid-1.2.8.jar:1.2.8]
	at com.alibaba.druid.pool.DruidDataSource$CreateConnectionThread.run(DruidDataSource.java:2838) ~[druid-1.2.8.jar:1.2.8]
Caused by: java.lang.SecurityException: Can not initialize cryptographic mechanism
	at javax.crypto.JceSecurity.<clinit>(JceSecurity.java:120) ~[?:?]
	... 31 more
Caused by: java.lang.SecurityException: Can't read cryptographic policy directory: unlimited
	at javax.crypto.JceSecurity.setupJurisdictionPolicies(JceSecurity.java:326) ~[?:?]
	at javax.crypto.JceSecurity$1.run(JceSecurity.java:111) ~[?:?]
	at javax.crypto.JceSecurity$1.run(JceSecurity.java:108) ~[?:?]
	at java.security.AccessController.doPrivileged(Native Method) ~[?:?]
	at javax.crypto.JceSecurity.<clinit>(JceSecurity.java:107) ~[?:?]
	... 31 more

